ARM GAS  /tmp/ccSWv4xu.s 			page 1


   1              		.cpu cortex-m4
   2              		.eabi_attribute 27, 1
   3              		.eabi_attribute 28, 1
   4              		.eabi_attribute 20, 1
   5              		.eabi_attribute 21, 1
   6              		.eabi_attribute 23, 3
   7              		.eabi_attribute 24, 1
   8              		.eabi_attribute 25, 1
   9              		.eabi_attribute 26, 1
  10              		.eabi_attribute 30, 1
  11              		.eabi_attribute 34, 1
  12              		.eabi_attribute 18, 4
  13              		.file	"led.c"
  14              		.text
  15              	.Ltext0:
  16              		.cfi_sections	.debug_frame
  17              		.section	.text.led_init,"ax",%progbits
  18              		.align	1
  19              		.global	led_init
  20              		.syntax unified
  21              		.thumb
  22              		.thumb_func
  23              		.fpu fpv4-sp-d16
  25              	led_init:
  26              	.LFB130:
  27              		.file 1 "Core/Src/led.c"
   1:Core/Src/led.c **** #include "stm32f4xx.h"
   2:Core/Src/led.c **** 
   3:Core/Src/led.c **** void led_init(void)
   4:Core/Src/led.c **** {
  28              		.loc 1 4 0
  29              		.cfi_startproc
  30              		@ args = 0, pretend = 0, frame = 24
  31              		@ frame_needed = 0, uses_anonymous_args = 0
  32 0000 30B5     		push	{r4, r5, lr}
  33              	.LCFI0:
  34              		.cfi_def_cfa_offset 12
  35              		.cfi_offset 4, -12
  36              		.cfi_offset 5, -8
  37              		.cfi_offset 14, -4
  38 0002 87B0     		sub	sp, sp, #28
  39              	.LCFI1:
  40              		.cfi_def_cfa_offset 40
   5:Core/Src/led.c ****   GPIO_InitTypeDef GPIO_InitStruct = {0};
  41              		.loc 1 5 0
  42 0004 0024     		movs	r4, #0
  43 0006 0194     		str	r4, [sp, #4]
  44 0008 0294     		str	r4, [sp, #8]
  45 000a 0394     		str	r4, [sp, #12]
  46 000c 0494     		str	r4, [sp, #16]
  47 000e 0594     		str	r4, [sp, #20]
  48              	.LBB2:
   6:Core/Src/led.c **** 
   7:Core/Src/led.c ****   /* GPIO Ports Clock Enable */
   8:Core/Src/led.c ****   __HAL_RCC_GPIOC_CLK_ENABLE();
  49              		.loc 1 8 0
  50 0010 0094     		str	r4, [sp]
ARM GAS  /tmp/ccSWv4xu.s 			page 2


  51 0012 0F4B     		ldr	r3, .L3
  52 0014 1A6B     		ldr	r2, [r3, #48]
  53 0016 42F00402 		orr	r2, r2, #4
  54 001a 1A63     		str	r2, [r3, #48]
  55 001c 1B6B     		ldr	r3, [r3, #48]
  56 001e 03F00403 		and	r3, r3, #4
  57 0022 0093     		str	r3, [sp]
  58 0024 009B     		ldr	r3, [sp]
  59              	.LBE2:
   9:Core/Src/led.c **** 
  10:Core/Src/led.c ****   /*Configure GPIO pin Output Level */
  11:Core/Src/led.c ****   HAL_GPIO_WritePin(GPIOC, GPIO_PIN_13, GPIO_PIN_RESET);
  60              		.loc 1 11 0
  61 0026 0B4D     		ldr	r5, .L3+4
  62 0028 2246     		mov	r2, r4
  63 002a 4FF40051 		mov	r1, #8192
  64 002e 2846     		mov	r0, r5
  65 0030 FFF7FEFF 		bl	HAL_GPIO_WritePin
  66              	.LVL0:
  12:Core/Src/led.c **** 
  13:Core/Src/led.c ****   /*Configure GPIO pin : PC13 */
  14:Core/Src/led.c ****   GPIO_InitStruct.Pin = GPIO_PIN_13;
  67              		.loc 1 14 0
  68 0034 4FF40053 		mov	r3, #8192
  69 0038 0193     		str	r3, [sp, #4]
  15:Core/Src/led.c ****   GPIO_InitStruct.Mode = GPIO_MODE_OUTPUT_PP;
  70              		.loc 1 15 0
  71 003a 0123     		movs	r3, #1
  72 003c 0293     		str	r3, [sp, #8]
  16:Core/Src/led.c ****   GPIO_InitStruct.Pull = GPIO_NOPULL;
  73              		.loc 1 16 0
  74 003e 0394     		str	r4, [sp, #12]
  17:Core/Src/led.c ****   GPIO_InitStruct.Speed = GPIO_SPEED_FREQ_LOW;
  75              		.loc 1 17 0
  76 0040 0494     		str	r4, [sp, #16]
  18:Core/Src/led.c ****   HAL_GPIO_Init(GPIOC, &GPIO_InitStruct);
  77              		.loc 1 18 0
  78 0042 01A9     		add	r1, sp, #4
  79 0044 2846     		mov	r0, r5
  80 0046 FFF7FEFF 		bl	HAL_GPIO_Init
  81              	.LVL1:
  19:Core/Src/led.c **** 
  20:Core/Src/led.c **** }...
  82              		.loc 1 20 0
  83 004a 07B0     		add	sp, sp, #28
  84              	.LCFI2:
  85              		.cfi_def_cfa_offset 12
  86              		@ sp needed
  87 004c 30BD     		pop	{r4, r5, pc}
  88              	.L4:
  89 004e 00BF     		.align	2
  90              	.L3:
  91 0050 00380240 		.word	1073887232
  92 0054 00080240 		.word	1073874944
  93              		.cfi_endproc
  94              	.LFE130:
  96              		.text
ARM GAS  /tmp/ccSWv4xu.s 			page 3


  97              	.Letext0:
  98              		.file 2 "/usr/arm-none-eabi/include/machine/_default_types.h"
  99              		.file 3 "/usr/arm-none-eabi/include/sys/_stdint.h"
 100              		.file 4 "Drivers/CMSIS/Include/core_cm4.h"
 101              		.file 5 "Drivers/CMSIS/Device/ST/STM32F4xx/Include/system_stm32f4xx.h"
 102              		.file 6 "Drivers/CMSIS/Device/ST/STM32F4xx/Include/stm32f401xc.h"
 103              		.file 7 "Drivers/STM32F4xx_HAL_Driver/Inc/stm32f4xx_hal_gpio.h"
 104              		.file 8 "Drivers/STM32F4xx_HAL_Driver/Inc/stm32f4xx_hal.h"
ARM GAS  /tmp/ccSWv4xu.s 			page 4


DEFINED SYMBOLS
                            *ABS*:0000000000000000 led.c
     /tmp/ccSWv4xu.s:18     .text.led_init:0000000000000000 $t
     /tmp/ccSWv4xu.s:25     .text.led_init:0000000000000000 led_init
     /tmp/ccSWv4xu.s:91     .text.led_init:0000000000000050 $d

UNDEFINED SYMBOLS
HAL_GPIO_WritePin
HAL_GPIO_Init
